2024-05-11 19:54:55.824218 I/[make_tfrecord]: start progress...
2024-05-11 19:54:55.824286 I/[make_tfrecord]: output folder /Users/kimhakhyun/Desktop/Git/capstone/Capstone/tfrecord/tfrecord_1_2_3_4_5_6_7 created
2024-05-11 19:54:55.824297 I/[make_tfrecord]: created TFRecord files will be stored in /Users/kimhakhyun/Desktop/Git/capstone/Capstone/tfrecord/tfrecord_1_2_3_4_5_6_7
2024-05-11 19:54:55.824337 I/[make_tfrecord]: search path: /Users/kimhakhyun/Desktop/Git/capstone/Capstone/data
2024-05-11 19:54:55.824802 I/[make_tfrecord]: search path: /Users/kimhakhyun/Desktop/Git/capstone/Capstone/data/7
2024-05-11 19:54:55.824810 I/[make_tfrecord]: 0 dirs and 893 files found
2024-05-11 19:54:55.825906 I/[make_tfrecord]: search path: /Users/kimhakhyun/Desktop/Git/capstone/Capstone/data/6
2024-05-11 19:54:55.825921 I/[make_tfrecord]: 0 dirs and 893 files found
2024-05-11 19:54:55.827006 I/[make_tfrecord]: search path: /Users/kimhakhyun/Desktop/Git/capstone/Capstone/data/1
2024-05-11 19:54:55.827015 I/[make_tfrecord]: 0 dirs and 893 files found
2024-05-11 19:54:55.828125 I/[make_tfrecord]: search path: /Users/kimhakhyun/Desktop/Git/capstone/Capstone/data/4
2024-05-11 19:54:55.828250 I/[make_tfrecord]: 0 dirs and 893 files found
2024-05-11 19:54:55.829345 I/[make_tfrecord]: search path: /Users/kimhakhyun/Desktop/Git/capstone/Capstone/data/3
2024-05-11 19:54:55.829351 I/[make_tfrecord]: 0 dirs and 893 files found
2024-05-11 19:54:55.830427 I/[make_tfrecord]: search path: /Users/kimhakhyun/Desktop/Git/capstone/Capstone/data/2
2024-05-11 19:54:55.830437 I/[make_tfrecord]: 0 dirs and 893 files found
2024-05-11 19:54:55.831540 I/[make_tfrecord]: search path: /Users/kimhakhyun/Desktop/Git/capstone/Capstone/data/5
2024-05-11 19:54:55.831545 I/[make_tfrecord]: 0 dirs and 893 files found
2024-05-11 19:54:55.832200 I/[make_tfrecord]: # of images = 6251
2024-05-11 19:54:55.853747 I/[make_tfrecord]: writing tfrecord files being started
2024-05-11 19:54:55.854518 I/[make_tfrecord]: process 1/6th tfrecord for 1000 images [0:1000]
2024-05-11 19:54:57.434722 I/[make_tfrecord]: process 2/6th tfrecord for 1000 images [1000:2000]
2024-05-11 19:54:58.941144 I/[make_tfrecord]: process 3/6th tfrecord for 1000 images [2000:3000]
2024-05-11 19:55:00.422163 I/[make_tfrecord]: process 4/6th tfrecord for 1000 images [3000:4000]
2024-05-11 19:55:02.207203 I/[make_tfrecord]: process 5/6th tfrecord for 1000 images [4000:5000]
2024-05-11 19:55:03.893377 I/[make_tfrecord]: process 6/6th tfrecord for 1000 images [5000:6000]
2024-05-11 19:55:04.905550 I/[make_tfrecord]: end to make 6 train data tfrecord
2024-05-11 19:55:04.908926 I/[make_tfrecord]: process 1/1th tfrecord for 1000 images [0:1000]
2024-05-11 19:55:06.295976 I/[make_tfrecord]: end to make 1 val data tfrecord
2024-05-11 19:55:06.299628 I/[make_tfrecord]: process 1/1th tfrecord for 1000 images [0:1000]
2024-05-11 19:55:07.699836 I/[make_tfrecord]: end to make 1 test data tfrecord
2024-05-11 19:55:07.699972 I/[make_tfrecord]: end to make tfrecord
2024-05-11 19:55:07.700149 I/[make_tfrecord]: done.
